[2025/07/06 00:16:47]: §9          __             _       
[2025/07/06 00:16:47]: §9  _ __   / /  ___   __ _(_)_ __  
[2025/07/06 00:16:47]: §9 | '_ \ / /  / _ \ / _` | | '_ \ 
[2025/07/06 00:16:47]: §9 | | | / /__| (_) | (_| | | | | |
[2025/07/06 00:16:47]: §9 |_| |_\____/\___/ \__, |_|_| |_|
[2025/07/06 00:16:47]: §9                  |___/            
[2025/07/06 00:16:47]: §9 By: www.nickuc.com - V 10.4.21
[2025/07/06 00:16:47]: §9 
[2025/07/06 00:16:47]: §3[nLogin] [DEBUG] All settings were loaded in 73 ms.
[2025/07/06 00:16:47]: §3[nLogin] [DEBUG] Loading the messages_en.yml message file...
[2025/07/06 00:16:47]: §3[nLogin] [DEBUG] All plugin messages were loaded in 49 ms (languageByClient=false).
[2025/07/06 00:16:47]: §3[nLogin] [DEBUG] All proxy settings were loaded in 1 ms.
[2025/07/06 00:16:48]: §3[nLogin] [DEBUG] Loading database...
[2025/07/06 00:16:48]: §3[nLogin] [DEBUG] Starting logger filter...
[2025/07/06 00:17:17]: §3[nLogin] [DEBUG] [SQLite] [UPDATE]: "UPDATE `nlogin` SET `last_name` = 'zAlexc_', `unique_id` = 992378232eda3f42a2f66e14760fa4c6,  `mojang_id` = null,  `bedrock_id` = null,  `password` = '$2a$10$av2/EuuxQw/4CY3CrQr9vO0cDzMjUqvqYGE/hsCStRhqFfi.22MJq', `last_ip` = '127.183.195.212', `creation_date` = 2025-07-04 22:44:30.503, `last_seen` = 2025-07-06 00:17:17.718, `email` = null, `discord` = null, `settings` = '{"settings":[{"value":"en","key":"language"}],"version":0}' WHERE `ai` = 2" (applied to [last_ip, last_seen, settings] columns)
[2025/07/06 00:17:17]: [nLogin] The user zAlexc_ has successfully logged in.
[2025/07/06 00:17:26]: §3[nLogin] [DEBUG] [SQLite] [UPDATE]: "UPDATE `nlogin` SET `last_name` = 'zAlexc_', `unique_id` = 992378232eda3f42a2f66e14760fa4c6,  `mojang_id` = null,  `bedrock_id` = null,  `password` = '$2a$10$av2/EuuxQw/4CY3CrQr9vO0cDzMjUqvqYGE/hsCStRhqFfi.22MJq', `last_ip` = '127.183.195.212', `creation_date` = 2025-07-04 22:44:30.503, `last_seen` = 2025-07-06 00:17:26.976, `email` = null, `discord` = null, `settings` = '{"settings":[{"value":"en","key":"language"}],"version":0}' WHERE `ai` = 2" (applied to [last_seen, settings] columns)
[2025/07/06 00:17:33]: §3[nLogin] [DEBUG] [SQLite] [UPDATE]: "UPDATE `nlogin` SET `last_name` = 'ajxss', `unique_id` = 7bbd3b30b54336f9830b124ed5664ff5,  `mojang_id` = null,  `bedrock_id` = null,  `password` = '$2a$10$kVTrGjUWoqOR88GpMkccFej10EQo/tj5fPwbiNKmzGRO9U7YsMjJK', `last_ip` = '127.183.195.212', `creation_date` = 2025-07-04 22:34:41.331, `last_seen` = 2025-07-06 00:17:33.078, `email` = null, `discord` = null, `settings` = '{"settings":[{"value":"en","key":"language"}],"version":0}' WHERE `ai` = 1" (applied to [last_ip, last_seen, settings] columns)
[2025/07/06 00:17:33]: [nLogin] The user ajxss has successfully logged in.
[2025/07/06 00:17:49]: §3[nLogin] [DEBUG] [SQLite] [UPDATE]: "UPDATE `nlogin` SET `last_name` = 'ajxss', `unique_id` = 7bbd3b30b54336f9830b124ed5664ff5,  `mojang_id` = null,  `bedrock_id` = null,  `password` = '$2a$10$kVTrGjUWoqOR88GpMkccFej10EQo/tj5fPwbiNKmzGRO9U7YsMjJK', `last_ip` = '127.183.195.212', `creation_date` = 2025-07-04 22:34:41.331, `last_seen` = 2025-07-06 00:17:49.373, `email` = null, `discord` = null, `settings` = '{"settings":[{"value":"en","key":"language"}],"version":0}' WHERE `ai` = 1" (applied to [last_seen, settings] columns)
[2025/07/06 00:19:00]: [nLogin] Successful plugin core shutdown (took 0.00s)
