[2025/07/04 22:33:01]: §9          __             _       
[2025/07/04 22:33:01]: §9  _ __   / /  ___   __ _(_)_ __  
[2025/07/04 22:33:01]: §9 | '_ \ / /  / _ \ / _` | | '_ \ 
[2025/07/04 22:33:01]: §9 | | | / /__| (_) | (_| | | | | |
[2025/07/04 22:33:01]: §9 |_| |_\____/\___/ \__, |_|_| |_|
[2025/07/04 22:33:01]: §9                  |___/            
[2025/07/04 22:33:01]: §9 By: www.nickuc.com - V 10.4.21
[2025/07/04 22:33:01]: §9 
[2025/07/04 22:33:02]: §3[nLogin] [DEBUG] The config.yml file was created successfully.
[2025/07/04 22:33:04]: §3[nLogin] [DEBUG] All settings were loaded in 2010 ms.
[2025/07/04 22:33:04]: §3[nLogin] [DEBUG] Loading the messages_en.yml message file...
[2025/07/04 22:33:04]: §3[nLogin] [DEBUG] All plugin messages were loaded in 41 ms (languageByClient=false).
[2025/07/04 22:33:04]: §3[nLogin] [DEBUG] All proxy settings were loaded in 0 ms.
[2025/07/04 22:33:04]: §3[nLogin] [DEBUG] Loading database...
[2025/07/04 22:33:04]: [nLogin] Generating RSA keypair... (this may take a while)
[2025/07/04 22:33:05]: [nLogin] The RSA key pair was successfully generated. Took 1.70s
[2025/07/04 22:33:06]: §3[nLogin] [DEBUG] Starting logger filter...
[2025/07/04 22:33:06]: [nLogin] Downloading ProtocolLib...
[2025/07/04 22:33:06]: [nLogin] *-----------------------------------------------*
[2025/07/04 22:33:06]: [nLogin]   ProtocolLib has been successfully downloaded.
[2025/07/04 22:33:06]: [nLogin]   Restarting server to apply changes...
[2025/07/04 22:33:06]: [nLogin] *-----------------------------------------------*
[2025/07/04 22:33:13]: [nLogin] Successful plugin core shutdown (took 0.00s)
