[00:02:32] [User Authenticator #0/INFO]: UUID of player ajxss is 7bbd3b30-b543-36f9-830b-124ed5664ff5
[00:02:33] [Server thread/INFO]: ajxss[/127.149.205.21:48247] logged in with entity id 38 at ([spawn]-72.48951550371217, 4.0, 0.386234517868405)
[00:02:42] [Folia Async Scheduler Thread #2/INFO]: [nLogin] The user ajxss has successfully logged in.
[00:02:46] [Server thread/INFO]: ajxss issued server command: /gamemode spectator
[00:02:46] [Server thread/INFO]: [ajxss: Set own game mode to Spectator Mode]
[00:02:49] [Server thread/INFO]: ajxss issued server command: /gamemode creative
[00:02:49] [Server thread/INFO]: [ajxss: Set own game mode to Creative Mode]
[00:02:51] [Server thread/INFO]: ajxss issued server command: /tps
[00:03:29] [Server thread/INFO]: ajxss issued server command: /time set day
[00:03:29] [Server thread/INFO]: [ajxss: Set the time to 1000]
[00:04:28] [Server thread/INFO]: [CombatLogX] Using non-NMS Paper EntityHandler
[00:04:47] [Server thread/INFO]: ajxss issued server command: /spawn
[00:04:51] [Server thread/INFO]: ajxss issued server command: /gamemode creative
[00:04:51] [Server thread/INFO]: [ajxss: Set own game mode to Creative Mode]
[00:10:40] [Server thread/INFO]: ajxss lost connection: Disconnected
[00:17:20] [User Authenticator #1/INFO]: UUID of player Yuu_Aoi is 7ce2d9ce-d1cb-3c6f-bfbd-489006d6794e
[00:17:21] [Server thread/INFO]: Yuu_Aoi[/127.249.130.8:36449] logged in with entity id 25578 at ([spawn]-72.61201618260941, 4.0, 0.49584076654303966)
[00:18:03] [Folia Async Scheduler Thread #2/INFO]: [nLogin] The user Yuu_Aoi has successfully registered.
[00:20:40] [Server thread/INFO]: Yuu_Aoi lost connection: Disconnected
[00:21:49] [User Authenticator #2/INFO]: UUID of player SR_Senna1990 is 7c3bf146-2566-316c-9f6e-3ef3642cfd29
[00:21:50] [Server thread/INFO]: SR_Senna1990[/127.201.126.209:34081] logged in with entity id 38280 at ([spawn]-72.61201618260941, 4.0, 0.49584076654303966)
[00:22:15] [Folia Async Scheduler Thread #2/INFO]: [nLogin] The user SR_Senna1990 has successfully logged in.
[00:28:57] [Server thread/INFO]: Villager EntityVillager['Fletcher'/39826, uuid='2eb4467a-2586-495b-8f0a-d7ff798f2065', l='ServerLevel[world]', x=393.30, y=71.00, z=78.70, cpos=[24, 4], tl=337942, v=true] died, message: 'Fletcher was shot by SR_Senna1990'
[00:29:00] [Server thread/INFO]: Villager EntityVillager['Armorer'/39827, uuid='69a96aeb-bb0c-4a54-aff5-7f5b8c5bbd03', l='ServerLevel[world]', x=395.70, y=71.00, z=78.70, cpos=[24, 4], tl=336955, v=true] died, message: 'Armorer was shot by SR_Senna1990'
[00:29:02] [Server thread/INFO]: Villager EntityVillager['Fletcher'/39829, uuid='2ecebfcc-5298-4a99-aadd-2281c49ea451', l='ServerLevel[world]', x=391.66, y=71.00, z=78.39, cpos=[24, 4], tl=337753, v=true] died, message: 'Fletcher was shot by SR_Senna1990'
[00:29:06] [Server thread/INFO]: Villager EntityVillager['Farmer'/39828, uuid='1159cd3b-767e-4713-b3e4-21c76943e6d3', l='ServerLevel[world]', x=389.37, y=71.00, z=78.70, cpos=[24, 4], tl=338494, v=true] died, message: 'Farmer was shot by SR_Senna1990'
[00:29:40] [User Authenticator #3/INFO]: UUID of player Yuu_Aoi is 7ce2d9ce-d1cb-3c6f-bfbd-489006d6794e
[00:29:41] [Server thread/INFO]: Yuu_Aoi[/127.249.130.8:44981] logged in with entity id 40871 at ([spawn]-72.61201618260941, 4.0, 0.49584076654303966)
[00:29:57] [Async Chat Thread - #1/INFO]: [Not Secure] <SR_Senna1990> hola
[00:30:20] [Folia Async Scheduler Thread #2/INFO]: [nLogin] The user Yuu_Aoi has successfully logged in.
[00:30:49] [Server thread/INFO]: Villager EntityVillager['Weaponsmith'/39842, uuid='10276adf-af1a-4b69-a9f4-7b36af3d70ce', l='ServerLevel[world]', x=453.50, y=64.00, z=72.30, cpos=[28, 4], tl=342819, v=true] died, message: 'Weaponsmith was shot by SR_Senna1990'
[00:31:01] [Async Chat Thread - #2/INFO]: [Not Secure] <Yuu_Aoi> wa
[00:31:10] [Async Chat Thread - #2/INFO]: [Not Secure] <SR_Senna1990> hola
[00:31:22] [Async Chat Thread - #2/INFO]: [Not Secure] <SR_Senna1990> AYRTON :V
[00:32:10] [Server thread/INFO]: Teleported Yuu_Aoi to w:world.
[00:32:49] [Server thread/INFO]: SR_Senna1990 issued server command: /home
[00:33:45] [Async Chat Thread - #4/INFO]: [Not Secure] <SR_Senna1990> ya voy
[00:36:51] [Async Chat Thread - #6/INFO]: [Not Secure] <SR_Senna1990> te ayudo o sabes jugar xd
[00:37:44] [Server thread/INFO]: Yuu_Aoi has made the advancement [Stone Age]
[00:39:11] [Server thread/INFO]: Yuu_Aoi has made the advancement [Getting an Upgrade]
[00:42:09] [Async Chat Thread - #8/INFO]: [Not Secure] <SR_Senna1990> te pongo agua :v
[00:42:33] [Server thread/INFO]: Yuu_Aoi has made the advancement [Monster Hunter]
[00:43:05] [Async Chat Thread - #8/INFO]: [Not Secure] <SR_Senna1990> el beta
[00:43:42] [Async Chat Thread - #8/INFO]: [Not Secure] <SR_Senna1990> baja
[00:43:48] [User Authenticator #4/INFO]: UUID of player Zhoomker is 79171528-75ef-324f-a782-a3983a8708ae
[00:43:49] [Server thread/INFO]: Zhoomker[/127.45.235.85:37791] logged in with entity id 53654 at ([spawn]-72.61201618260941, 4.0, 0.49584076654303966)
[00:44:16] [Folia Async Scheduler Thread #3/INFO]: [nLogin] The user Zhoomker has successfully registered.
[00:44:24] [Server thread/INFO]: Teleported Zhoomker to w:world.
[00:45:57] [Server thread/INFO]: Yuu_Aoi issued server command: /yuuprote
[00:45:57] [Server thread/INFO]: Gave 8 to Yuu_Aoi.
[00:46:41] [Server thread/INFO]: Zhoomker has made the advancement [Stone Age]
[00:47:28] [Server thread/INFO]: Zhoomker has made the advancement [Getting an Upgrade]
[00:49:48] [Async Chat Thread - #10/INFO]: [Not Secure] <SR_Senna1990> toma papas
[00:54:07] [Server thread/INFO]: Yuu_Aoi has made the advancement [Sweet Dreams]
[00:54:22] [Server thread/INFO]: Zhoomker lost connection: Disconnected
[00:54:39] [User Authenticator #5/INFO]: UUID of player Zhoomker is 79171528-75ef-324f-a782-a3983a8708ae
[00:54:40] [Server thread/INFO]: Zhoomker[/127.45.235.85:49935] logged in with entity id 58603 at ([spawn]-72.61201618260941, 4.0, 0.49584076654303966)
[00:54:47] [Folia Async Scheduler Thread #3/INFO]: [nLogin] The user Zhoomker has successfully logged in.
[00:56:10] [Server thread/INFO]: Yuu_Aoi has made the advancement [Ice Bucket Challenge]
[00:57:22] [luckperms-command-executor/INFO]: [LP] yuu_aoi had their existing parent groups cleared, and now only inherits owner in context global.
[00:57:47] [Server thread/INFO]: SR_Senna1990 has made the advancement [Who is Cutting Onions?]
[00:59:21] [Server thread/INFO]: Yuu_Aoi has made the advancement [Who is Cutting Onions?]
[01:00:03] [Server thread/INFO]: Yuu_Aoi issued server command: /gamemode creative
[01:00:03] [Server thread/INFO]: [Yuu_Aoi: Set own game mode to Creative Mode]
[01:00:08] [Server thread/INFO]: Yuu_Aoi issued server command: /gamemode survival
[01:00:08] [Server thread/INFO]: [Yuu_Aoi: Set own game mode to Survival Mode]
[01:00:25] [Server thread/INFO]: Yuu_Aoi has made the advancement [Acquire Hardware]
[01:01:24] [Async Chat Thread - #12/INFO]: [Not Secure] <SR_Senna1990> al nether?
[01:01:58] [User Authenticator #6/INFO]: UUID of player the_davidx is 5a0b58ef-d3b0-3dad-b20c-fd2837daac87
[01:01:59] [Server thread/INFO]: the_davidx[/127.171.174.63:55455] logged in with entity id 60793 at ([spawn]-72.61201618260941, 4.0, 0.49584076654303966)
[01:02:32] [Async Chat Thread - #14/INFO]: [Not Secure] <Zhoomker> por ahi
[01:02:33] [Folia Async Scheduler Thread #3/INFO]: [nLogin] The user the_davidx has successfully registered.
[01:02:39] [AsyncNotifyKeyedQueue - 1/INFO]: Invalid value for [] (Does not match a valid block type: minecraft:tp), acceptable values are any pattern
[01:02:39] [Server thread/INFO]: Teleported the_davidx to w:world.
[01:02:43] [Async Chat Thread - #14/INFO]: [Not Secure] <the_davidx> hello
[01:03:15] [Async Chat Thread - #14/INFO]: [Not Secure] <Zhoomker> yo estoy por 125 89, pero bajo tierra
[01:03:37] [Async Chat Thread - #14/INFO]: [Not Secure] <Zhoomker> aprende a usar cordenadas crj
[01:03:50] [Async Chat Thread - #14/INFO]: [Not Secure] <Zhoomker> cuantos años ya?
[01:04:07] [Async Chat Thread - #14/INFO]: [Not Secure] <Zhoomker> y eso que ti le metes mas al mine que yo
[01:04:10] [Server thread/INFO]: Zhoomker has made the advancement [Acquire Hardware]
[01:04:13] [Async Chat Thread - #14/INFO]: [Not Secure] <the_davidx> XD
[01:04:21] [Server thread/INFO]: the_davidx was blown up by Creeper
[01:04:31] [AsyncNotifyKeyedQueue - 2/INFO]: Invalid value for [] (Does not match a valid block type: minecraft:tp), acceptable values are any pattern
[01:04:31] [Server thread/INFO]: Teleported the_davidx to w:world.
[01:04:41] [Server thread/INFO]: Zhoomker has made the advancement [Monster Hunter]
[01:05:30] [Server thread/INFO]: Zhoomker has made the advancement [Isn't It Iron Pick]
[01:05:50] [Server thread/INFO]: the_davidx has made the advancement [Stone Age]
[01:06:07] [Server thread/INFO]: the_davidx has made the advancement [Getting an Upgrade]
[01:06:30] [Async Chat Thread - #16/INFO]: [Not Secure] <Zhoomker> nada mal, pero le falta mas kiryu
[01:06:35] [User Authenticator #7/INFO]: UUID of player ajxss is 7bbd3b30-b543-36f9-830b-124ed5664ff5
[01:06:36] [Server thread/INFO]: ajxss[/127.149.205.21:60453] logged in with entity id 64657 at ([spawn]-72.48951550371217, 4.0, 0.386234517868405)
[01:06:40] [Folia Async Scheduler Thread #3/INFO]: [nLogin] The user ajxss has successfully logged in.
[01:06:51] [Server thread/INFO]: Yuu_Aoi has made the advancement [Not Today, Thank You]
[01:06:57] [Server thread/INFO]: ajxss issued server command: /tp Yuu_Aoi
[01:06:57] [Server thread/INFO]: [ajxss: Teleported ajxss to Yuu_Aoi]
[01:06:58] [Server thread/INFO]: ajxss issued server command: /gamemode creative
[01:06:58] [Server thread/INFO]: [ajxss: Set own game mode to Creative Mode]
[01:07:07] [Server thread/INFO]: ajxss has made the advancement [Stone Age]
[01:07:27] [Server thread/INFO]: ajxss issued server command: /tps
[01:07:54] [Server thread/INFO]: ajxss issued server command: /gamemode spectator
[01:07:54] [Server thread/INFO]: [ajxss: Set own game mode to Spectator Mode]
[01:08:09] [Server thread/INFO]: ajxss issued server command: /gamemode creative
[01:08:09] [Server thread/INFO]: [ajxss: Set own game mode to Creative Mode]
[01:08:59] [Server thread/INFO]: ajxss has made the advancement [Cover Me with Diamonds]
[01:09:15] [Async Chat Thread - #18/INFO]: [Not Secure] <SR_Senna1990> ni 5 minutos
[01:09:22] [Async Chat Thread - #18/INFO]: [Not Secure] <ajxss> soy tryhard bro
[01:09:25] [Async Chat Thread - #18/INFO]: [Not Secure] <the_davidx> Perate we
[01:09:32] [Async Chat Thread - #18/INFO]: [Not Secure] <the_davidx> desactiva los hacks XD
[01:10:00] [Async Chat Thread - #18/INFO]: [Not Secure] <ajxss> perdón, me quitare los hacks que me paso yuu ;c
[01:11:08] [Server thread/INFO]: ajxss issued server command: /tps
[01:11:20] [Async Chat Thread - #20/INFO]: [Not Secure] <ajxss> tmre tengo alto ping
[01:12:03] [Server thread/INFO]: ajxss issued server command: /gamemode survival
[01:12:03] [Server thread/INFO]: [ajxss: Set own game mode to Survival Mode]
[01:12:07] [Server thread/INFO]: ajxss issued server command: /gamemode creative
[01:12:07] [Server thread/INFO]: [ajxss: Set own game mode to Creative Mode]
[01:12:12] [Server thread/INFO]: Yuu_Aoi has made the advancement [Suit Up]
[01:12:12] [Server thread/INFO]: ajxss issued server command: /gamemode survival
[01:12:12] [Server thread/INFO]: [ajxss: Set own game mode to Survival Mode]
[01:12:27] [Server thread/INFO]: ajxss issued server command: /gamemode creative
[01:12:27] [Server thread/INFO]: [ajxss: Set own game mode to Creative Mode]
[01:12:33] [Server thread/INFO]: ajxss issued server command: /gamemode survival
[01:12:33] [Server thread/INFO]: [ajxss: Set own game mode to Survival Mode]
[01:12:59] [Server thread/INFO]: ajxss issued server command: /gamemode creative
[01:12:59] [Server thread/INFO]: [ajxss: Set own game mode to Creative Mode]
[01:14:20] [Server thread/INFO]: ajxss issued server command: /gamemode spectator
[01:14:20] [Server thread/INFO]: [ajxss: Set own game mode to Spectator Mode]
[01:14:33] [Server thread/INFO]: ajxss issued server command: /gamemode creative
[01:14:33] [Server thread/INFO]: [ajxss: Set own game mode to Creative Mode]
[01:16:01] [User Authenticator #8/INFO]: UUID of player sisoydanocraft is db7bd0a9-c0d7-3a88-a244-0b79db717908
[01:16:02] [Server thread/INFO]: sisoydanocraft[/127.46.165.22:48601] logged in with entity id 69605 at ([spawn]-72.61201618260941, 4.0, 0.49584076654303966)
[01:16:32] [Folia Async Scheduler Thread #2/INFO]: [nLogin] The user sisoydanocraft has successfully registered.
[01:16:39] [Server thread/INFO]: Teleported sisoydanocraft to w:world.
[01:17:08] [Server thread/WARN]: sisoydanocraft moved too quickly! -9.152474961283822,4.224762990530991,1.0968291695037102
[01:18:08] [Server thread/INFO]: ajxss issued server command: /gamemode spectator
[01:18:08] [Server thread/INFO]: [ajxss: Set own game mode to Spectator Mode]
[01:18:25] [Server thread/INFO]: ajxss issued server command: /gamemode creative
[01:18:25] [Server thread/INFO]: [ajxss: Set own game mode to Creative Mode]
[01:20:19] [Server thread/INFO]: sisoydanocraft has made the advancement [Stone Age]
[01:20:37] [Server thread/INFO]: ajxss issued server command: /gamemode spectator
[01:20:37] [Server thread/INFO]: [ajxss: Set own game mode to Spectator Mode]
[01:20:41] [Server thread/INFO]: ajxss issued server command: /gamemode creative
[01:20:41] [Server thread/INFO]: [ajxss: Set own game mode to Creative Mode]
[01:20:56] [Server thread/INFO]: ajxss issued server command: /gamemode spectator
[01:20:56] [Server thread/INFO]: [ajxss: Set own game mode to Spectator Mode]
[01:21:04] [Server thread/INFO]: ajxss issued server command: /gamemode creative
[01:21:04] [Server thread/INFO]: [ajxss: Set own game mode to Creative Mode]
[01:21:28] [Server thread/INFO]: ajxss issued server command: /gamemode spectator
[01:21:28] [Server thread/INFO]: [ajxss: Set own game mode to Spectator Mode]
[01:21:31] [Server thread/INFO]: ajxss issued server command: /gamemode creative
[01:21:31] [Server thread/INFO]: [ajxss: Set own game mode to Creative Mode]
[01:21:40] [Server thread/INFO]: ajxss issued server command: /gamemode spectator
[01:21:40] [Server thread/INFO]: [ajxss: Set own game mode to Spectator Mode]
[01:21:54] [Server thread/INFO]: sisoydanocraft has made the advancement [Getting an Upgrade]
[01:22:02] [Server thread/INFO]: the_davidx has made the advancement [Monster Hunter]
[01:22:16] [Server thread/INFO]: SR_Senna1990 has made the advancement [Cover Me with Diamonds]
[01:22:37] [Server thread/INFO]: ajxss issued server command: /gamemode creative
[01:22:37] [Server thread/INFO]: [ajxss: Set own game mode to Creative Mode]
[01:23:01] [Server thread/INFO]: SR_Senna1990 issued server command: /home
[01:23:44] [Server thread/INFO]: the_davidx has made the advancement [Acquire Hardware]
[01:23:54] [Server thread/INFO]: the_davidx has made the advancement [Suit Up]
[01:25:07] [Server thread/INFO]: ajxss issued server command: /gamemode spectator
[01:25:07] [Server thread/INFO]: [ajxss: Set own game mode to Spectator Mode]
[01:25:26] [Server thread/INFO]: ajxss issued server command: /gamemode creative
[01:25:26] [Server thread/INFO]: [ajxss: Set own game mode to Creative Mode]
[01:26:28] [Server thread/INFO]: the_davidx has made the advancement [Not Today, Thank You]
[01:27:43] [Server thread/INFO]: ajxss issued server command: /gamemode spectator
[01:27:43] [Server thread/INFO]: [ajxss: Set own game mode to Spectator Mode]
[01:28:10] [Server thread/INFO]: ajxss issued server command: /gamemode creative
[01:28:10] [Server thread/INFO]: [ajxss: Set own game mode to Creative Mode]
[01:28:14] [Server thread/INFO]: Zhoomker has made the advancement [Diamonds!]
[01:28:14] [Server thread/INFO]: ajxss issued server command: /gamemode spectator
[01:28:14] [Server thread/INFO]: [ajxss: Set own game mode to Spectator Mode]
[01:28:23] [Async Chat Thread - #22/INFO]: [Not Secure] <Zhoomker> ohh yeaa
[01:28:32] [Server thread/INFO]: ajxss issued server command: /gamemode creative
[01:28:32] [Server thread/INFO]: [ajxss: Set own game mode to Creative Mode]
[01:28:38] [Server thread/INFO]: ajxss issued server command: /gamemode spectator
[01:28:38] [Server thread/INFO]: [ajxss: Set own game mode to Spectator Mode]
[01:28:42] [Server thread/INFO]: ajxss issued server command: /gamemode creative
[01:28:42] [Server thread/INFO]: [ajxss: Set own game mode to Creative Mode]
[01:30:04] [Async Chat Thread - #24/INFO]: [Not Secure] <ajxss> tengo alto lag XDD
[01:30:10] [Async Chat Thread - #24/INFO]: [Not Secure] <ajxss> csm el ping
